<?xml version="1.0" encoding="UTF-8" ?>
<testsuite tests="8" failures="0" name="LikeTest" time="3.447" errors="0" skipped="0">
  <properties>
[...]
</properties>
  <testcase classname="LikeTest" name="addLikeEmptyTokenTest" time="2.939"/>
  <testcase classname="LikeTest" name="addLikeTest" time="0.01"/>
  <testcase classname="LikeTest" name="deleteLikeNonExistingLikeTest" time="0.035"/>
  <testcase classname="LikeTest" name="deleteLikeTest" time="0.136"/>
  <testcase classname="LikeTest" name="getLikesRestrictedPhotoTest" time="0.075"/>
  <testcase classname="LikeTest" name="getLikesTest" time="0.044"/>
  <testcase classname="LikeTest" name="isLikedNegativeItemIdTest" time="0.115"/>
  <testcase classname="LikeTest" name="isLikedTest" time="0.093"/>
</testsuite>